c:\users\™\documents\visual studio 2013\projects\dxframework\lubiengine\debug\vc120.pdb
c:\users\™\documents\visual studio 2013\projects\dxframework\lubiengine\debug\vc120.idb
c:\users\™\documents\visual studio 2013\projects\dxframework\lubiengine\debug\application.obj
c:\users\™\documents\visual studio 2013\projects\dxframework\lubiengine\debug\camera.obj
c:\users\™\documents\visual studio 2013\projects\dxframework\lubiengine\debug\colorshader.obj
c:\users\™\documents\visual studio 2013\projects\dxframework\lubiengine\debug\cube.obj
c:\users\™\documents\visual studio 2013\projects\dxframework\lubiengine\debug\depthshader.obj
c:\users\™\documents\visual studio 2013\projects\dxframework\lubiengine\debug\dxbase.obj
c:\users\™\documents\visual studio 2013\projects\dxframework\lubiengine\debug\fontshader.obj
c:\users\™\documents\visual studio 2013\projects\dxframework\lubiengine\debug\inputlx.obj
c:\users\™\documents\visual studio 2013\projects\dxframework\lubiengine\debug\lightlx.obj
c:\users\™\documents\visual studio 2013\projects\dxframework\lubiengine\debug\main.obj
c:\users\™\documents\visual studio 2013\projects\dxframework\lubiengine\debug\rendertexture.obj
c:\users\™\documents\visual studio 2013\projects\dxframework\lubiengine\debug\system.obj
c:\users\™\documents\visual studio 2013\projects\dxframework\lubiengine\debug\terrain.obj
c:\users\™\documents\visual studio 2013\projects\dxframework\lubiengine\debug\textmanager.obj
c:\users\™\documents\visual studio 2013\projects\dxframework\lubiengine\debug\textureshader.obj
c:\users\™\documents\visual studio 2013\projects\dxframework\lubiengine\debug\timerlx.obj
c:\users\™\documents\visual studio 2013\projects\dxframework\lubiengine\debug\triangle.obj
c:\users\™\documents\visual studio 2013\projects\dxframework\debug\lubiengine.pdb
c:\users\™\documents\visual studio 2013\projects\dxframework\lubiengine\debug\lubiengine.tlog\cl.command.1.tlog
c:\users\™\documents\visual studio 2013\projects\dxframework\lubiengine\debug\lubiengine.tlog\cl.read.1.tlog
c:\users\™\documents\visual studio 2013\projects\dxframework\lubiengine\debug\lubiengine.tlog\cl.write.1.tlog
c:\users\™\documents\visual studio 2013\projects\dxframework\lubiengine\debug\lubiengine.tlog\link.command.1.tlog
c:\users\™\documents\visual studio 2013\projects\dxframework\lubiengine\debug\lubiengine.tlog\link.read.1.tlog
c:\users\™\documents\visual studio 2013\projects\dxframework\lubiengine\debug\lubiengine.tlog\link.write.1.tlog
