c:\users\™\documents\visual studio 2013\projects\dxframework\braynzarsoftframeworked\debug\vc120.pdb
c:\users\™\documents\visual studio 2013\projects\dxframework\braynzarsoftframeworked\debug\vc120.idb
c:\users\™\documents\visual studio 2013\projects\dxframework\braynzarsoftframeworked\debug\application.obj
c:\users\™\documents\visual studio 2013\projects\dxframework\braynzarsoftframeworked\debug\camera.obj
c:\users\™\documents\visual studio 2013\projects\dxframework\braynzarsoftframeworked\debug\colorshader.obj
c:\users\™\documents\visual studio 2013\projects\dxframework\braynzarsoftframeworked\debug\cube.obj
c:\users\™\documents\visual studio 2013\projects\dxframework\braynzarsoftframeworked\debug\dxbase.obj
c:\users\™\documents\visual studio 2013\projects\dxframework\braynzarsoftframeworked\debug\fontshader.obj
c:\users\™\documents\visual studio 2013\projects\dxframework\braynzarsoftframeworked\debug\main.obj
c:\users\™\documents\visual studio 2013\projects\dxframework\braynzarsoftframeworked\debug\system.obj
c:\users\™\documents\visual studio 2013\projects\dxframework\braynzarsoftframeworked\debug\textmanager.obj
c:\users\™\documents\visual studio 2013\projects\dxframework\braynzarsoftframeworked\debug\textureshader.obj
c:\users\™\documents\visual studio 2013\projects\dxframework\braynzarsoftframeworked\debug\timerlx.obj
c:\users\™\documents\visual studio 2013\projects\dxframework\braynzarsoftframeworked\debug\triangle.obj
c:\users\™\documents\visual studio 2013\projects\dxframework\debug\braynzarsoftframeworked.pdb
c:\users\™\documents\visual studio 2013\projects\dxframework\braynzarsoftframeworked\debug\braynzar.a7474553.tlog\cl.command.1.tlog
c:\users\™\documents\visual studio 2013\projects\dxframework\braynzarsoftframeworked\debug\braynzar.a7474553.tlog\cl.read.1.tlog
c:\users\™\documents\visual studio 2013\projects\dxframework\braynzarsoftframeworked\debug\braynzar.a7474553.tlog\cl.write.1.tlog
c:\users\™\documents\visual studio 2013\projects\dxframework\braynzarsoftframeworked\debug\braynzar.a7474553.tlog\link.command.1.tlog
c:\users\™\documents\visual studio 2013\projects\dxframework\braynzarsoftframeworked\debug\braynzar.a7474553.tlog\link.read.1.tlog
c:\users\™\documents\visual studio 2013\projects\dxframework\braynzarsoftframeworked\debug\braynzar.a7474553.tlog\link.write.1.tlog
